2021/07/24 09:44:21 error occoured: message type not implemented
2021/07/24 09:44:21 error occoured: message type not implemented
2021/07/24 09:44:21 error occoured: message type not implemented
2021/07/24 09:44:21 error occoured: message type not implemented
2021/07/24 09:44:21 error occoured: message type not implemented
2021/07/24 09:44:21 error occoured: message type not implemented
ini url 'btc'ini url 'eth'ini url 'doge'ini url 'tlkm'ini url 'shiba'ini url 'xrp'ini url 'bch'2021/07/24 09:44:21 error occoured: message type not implemented
2021/07/24 09:44:21 error occoured: message type not implemented
2021/07/24 09:44:21 error occoured: message type not implemented
2021/07/24 09:44:21 error occoured: message type not implemented
2021/07/24 09:44:21 error occoured: message type not implemented
2021/07/24 09:44:21 error occoured: message type not implemented
2021/07/24 09:44:21 error occoured: message type not implemented
2021/07/24 09:44:21 error occoured: message type not implemented
2021/07/24 09:44:21 error occoured: message type not implemented
2021/07/24 09:44:21 error occoured: message type not implemented
2021/07/24 09:44:21 error occoured: message type not implemented
2021/07/24 09:44:21 error occoured: message type not implemented
2021/07/24 09:44:21 error occoured: message type not implemented
2021/07/24 09:44:21 error occoured: message type not implemented
2021/07/24 09:44:21 error occoured: message type not implemented
2021/07/24 09:44:21 error occoured: message type not implemented
2021/07/24 09:44:21 error occoured: message type not implemented
2021/07/24 09:44:21 error occoured: message type not implemented
2021/07/24 09:44:21 error occoured: message type not implemented
2021/07/24 09:44:21 error occoured: message type not implemented
2021/07/24 09:44:21 error occoured: message type not implemented
2021/07/24 09:44:21 error occoured: message type not implemented
2021/07/24 09:44:21 error occoured: message type not implemented
2021/07/24 09:44:21 error occoured: message type not implemented
2021/07/24 09:44:21 error occoured: message type not implemented
2021/07/24 09:44:21 error occoured: message type not implemented
2021/07/24 09:44:21 error occoured: message type not implemented
2021/07/24 09:44:21 error occoured: message type not implemented
2021/07/24 09:44:21 error occoured: message type not implemented
2021/07/24 09:44:21 error occoured: message type not implemented
2021/07/24 09:44:21 error occoured: message type not implemented
2021/07/24 09:44:21 error occoured: message type not implemented
2021/07/24 09:44:21 error occoured: message type not implemented
2021/07/24 09:44:21 error occoured: message type not implemented
2021/07/24 09:44:21 error occoured: message type not implemented
2021/07/24 09:44:21 error occoured: message type not implemented
2021/07/24 09:44:21 error occoured: message type not implemented
2021/07/24 09:44:21 error occoured: message type not implemented
2021/07/24 09:44:21 error occoured: message type not implemented
2021/07/24 09:44:21 error occoured: message type not implemented
2021/07/24 09:44:21 error occoured: message type not implemented
2021/07/24 09:44:21 error occoured: message type not implemented
2021/07/24 09:44:21 error occoured: message type not implemented
2021/07/24 09:44:21 error occoured: message type not implemented
2021/07/24 09:44:21 error occoured: message type not implemented
2021/07/24 09:44:21 error occoured: message type not implemented
2021/07/24 09:44:21 error occoured: message type not implemented
2021/07/24 09:44:21 error occoured: message type not implemented
2021/07/24 09:44:21 error occoured: message type not implemented
2021/07/24 09:44:21 error occoured: message type not implemented
2021/07/24 09:44:21 error occoured: message type not implemented
2021/07/24 09:44:21 error occoured: message type not implemented
2021/07/24 09:44:21 error occoured: message type not implemented
2021/07/24 09:44:21 error occoured: message type not implemented
2021/07/24 09:44:21 error occoured: message type not implemented
2021/07/24 09:44:21 error occoured: message type not implemented
2021/07/24 09:44:21 error occoured: message type not implemented
2021/07/24 09:44:21 error occoured: message type not implemented
2021/07/24 09:44:21 error occoured: message type not implemented
2021/07/24 09:44:21 error occoured: message type not implemented
2021/07/24 09:44:21 error occoured: message type not implemented
2021/07/24 09:44:21 error occoured: message type not implemented
2021/07/24 09:44:21 error occoured: message type not implemented
2021/07/24 09:44:21 error occoured: message type not implemented
2021/07/24 09:44:21 error occoured: message type not implemented
2021/07/24 09:44:21 error occoured: message type not implemented
2021/07/24 09:44:21 error occoured: message type not implemented
2021/07/24 09:44:21 error occoured: message type not implemented
2021/07/24 09:44:21 error occoured: message type not implemented
2021/07/24 09:44:21 error occoured: message type not implemented
2021/07/24 09:44:21 error occoured: message type not implemented
2021/07/24 09:44:21 error occoured: message type not implemented
2021/07/24 09:44:21 error occoured: message type not implemented
2021/07/24 09:44:21 error occoured: message type not implemented
2021/07/24 09:44:21 error occoured: message type not implemented
2021/07/24 09:44:21 error occoured: message type not implemented
2021/07/24 09:44:21 error occoured: message type not implemented
2021/07/24 09:44:21 error occoured: message type not implemented
2021/07/24 09:44:21 error occoured: message type not implemented
2021/07/24 09:44:21 error occoured: message type not implemented
2021/07/24 09:44:21 error occoured: message type not implemented
2021/07/24 09:44:21 error occoured: message type not implemented
2021/07/24 09:44:21 error occoured: message type not implemented
2021/07/24 09:44:21 error occoured: message type not implemented
2021/07/24 09:44:21 error occoured: message type not implemented
2021/07/24 09:44:21 error occoured: message type not implemented
2021/07/24 09:44:21 error occoured: message type not implemented
2021/07/24 09:44:21 error occoured: message type not implemented
2021/07/24 09:44:21 error occoured: message type not implemented
2021/07/24 09:44:21 error occoured: message type not implemented
2021/07/24 09:44:21 error occoured: message type not implemented
2021/07/24 09:44:21 error occoured: message type not implemented
2021/07/24 09:44:21 error occoured: message type not implemented
2021/07/24 09:44:21 error occoured: message type not implemented
2021/07/24 09:44:21 error occoured: message type not implemented
2021/07/24 09:44:21 error occoured: message type not implemented
2021/07/24 09:44:21 error occoured: message type not implemented
2021/07/24 09:44:21 error occoured: message type not implemented
2021/07/24 09:44:21 error occoured: message type not implemented
2021/07/24 09:44:21 error occoured: message type not implemented
2021/07/24 09:44:21 error occoured: message type not implemented
2021/07/24 09:44:21 error occoured: message type not implemented
2021/07/24 09:44:21 error occoured: message type not implemented
2021/07/24 09:44:21 error occoured: message type not implemented
2021/07/24 09:44:21 error occoured: message type not implemented
2021/07/24 09:44:21 error occoured: message type not implemented
2021/07/24 09:44:21 error occoured: message type not implemented
2021/07/24 09:44:21 error occoured: message type not implemented
2021/07/24 09:44:21 error occoured: message type not implemented
2021/07/24 09:44:21 error occoured: message type not implemented
2021/07/24 09:44:21 error occoured: message type not implemented
2021/07/24 09:44:21 error occoured: message type not implemented
2021/07/24 09:44:21 error occoured: message type not implemented
2021/07/24 09:44:21 error occoured: message type not implemented
2021/07/24 09:44:21 error occoured: message type not implemented
2021/07/24 09:44:21 error occoured: message type not implemented
2021/07/24 09:44:21 error occoured: message type not implemented
2021/07/24 09:44:21 error occoured: message type not implemented
2021/07/24 09:44:21 error occoured: message type not implemented
2021/07/24 09:44:21 error occoured: message type not implemented
2021/07/24 09:44:21 error occoured: message type not implemented
2021/07/24 09:44:21 error occoured: message type not implemented
2021/07/24 09:44:21 error occoured: message type not implemented
2021/07/24 09:44:21 error occoured: message type not implemented
2021/07/24 09:44:21 error occoured: message type not implemented
2021/07/24 09:44:21 error occoured: message type not implemented
2021/07/24 09:44:21 error occoured: message type not implemented
2021/07/24 09:44:21 error occoured: message type not implemented
2021/07/24 09:44:21 error occoured: message type not implemented
2021/07/24 09:44:21 error occoured: message type not implemented
2021/07/24 09:44:21 error occoured: message type not implemented
2021/07/24 09:44:21 error occoured: message type not implemented
2021/07/24 09:44:21 error occoured: message type not implemented
2021/07/24 09:44:21 error occoured: message type not implemented
ini res '&{200 OK 200 HTTP/2.0 2 0 map[Access-Control-Allow-Origin:[] Cf-Cache-Status:[DYNAMIC] Cf-Ray:[673c359d5bebd9d4-SIN] Content-Type:[application/json] Date:[Sat, 24 Jul 2021 09:44:21 GMT] Expect-Ct:[max-age=604800, report-uri="https://report-uri.cloudflare.com/cdn-cgi/beacon/expect-ct"] Server:[cloudflare] Strict-Transport-Security:[max-age=31536000; includeSubDomains; preload] V:[2] X-Content-Type-Options:[nosniff] X-Frame-Options:[SAMEORIGIN] X-Powered-By:[INDODAX] X-Served-By:[PA-SG] X-Xss-Protection:[1; mode=block]] 0xc000641da0 -1 [] false true map[] 0xc000129400 0xc00019def0}'ini body '{"ticker":{"high":"6650000","low":"6259000","vol_bch":"87.92855015","vol_idr":"570288030","last":"6585000","buy":"6585000","sell":"6620000","server_time":1627119861}}'ini body tanpa string '[123 34 116 105 99 107 101 114 34 58 123 34 104 105 103 104 34 58 34 54 54 53 48 48 48 48 34 44 34 108 111 119 34 58 34 54 50 53 57 48 48 48 34 44 34 118 111 108 95 98 99 104 34 58 34 56 55 46 57 50 56 53 53 48 49 53 34 44 34 118 111 108 95 105 100 114 34 58 34 53 55 48 50 56 56 48 51 48 34 44 34 108 97 115 116 34 58 34 54 53 56 53 48 48 48 34 44 34 98 117 121 34 58 34 54 53 56 53 48 48 48 34 44 34 115 101 108 108 34 58 34 54 54 50 48 48 48 48 34 44 34 115 101 114 118 101 114 95 116 105 109 101 34 58 49 54 50 55 49 49 57 56 54 49 125 125]'ini res '&{200 OK 200 HTTP/2.0 2 0 map[Access-Control-Allow-Origin:[] Cf-Cache-Status:[DYNAMIC] Cf-Ray:[673c359d5bf2d9d4-SIN] Content-Type:[application/json] Date:[Sat, 24 Jul 2021 09:44:21 GMT] Expect-Ct:[max-age=604800, report-uri="https://report-uri.cloudflare.com/cdn-cgi/beacon/expect-ct"] Server:[cloudflare] Strict-Transport-Security:[max-age=31536000; includeSubDomains; preload] V:[2] X-Content-Type-Options:[nosniff] X-Frame-Options:[SAMEORIGIN] X-Powered-By:[INDODAX] X-Served-By:[PA-SG] X-Xss-Protection:[1; mode=block]] 0xc000641c50 -1 [] false true map[] 0xc000128600 0xc00019def0}'ini body '{"ticker":{"high":"2825","low":"2670","vol_doge":"10481792.45647284","vol_idr":"29013581181","last":"2792","buy":"2792","sell":"2793","server_time":1627119860}}'ini body tanpa string '[123 34 116 105 99 107 101 114 34 58 123 34 104 105 103 104 34 58 34 50 56 50 53 34 44 34 108 111 119 34 58 34 50 54 55 48 34 44 34 118 111 108 95 100 111 103 101 34 58 34 49 48 52 56 49 55 57 50 46 52 53 54 52 55 50 56 52 34 44 34 118 111 108 95 105 100 114 34 58 34 50 57 48 49 51 53 56 49 49 56 49 34 44 34 108 97 115 116 34 58 34 50 55 57 50 34 44 34 98 117 121 34 58 34 50 55 57 50 34 44 34 115 101 108 108 34 58 34 50 55 57 51 34 44 34 115 101 114 118 101 114 95 116 105 109 101 34 58 49 54 50 55 49 49 57 56 54 48 125 125]'ini res '&{200 OK 200 HTTP/2.0 2 0 map[Access-Control-Allow-Origin:[] Cf-Cache-Status:[DYNAMIC] Cf-Ray:[673c359d5bf3d9d4-SIN] Content-Type:[application/json] Date:[Sat, 24 Jul 2021 09:44:21 GMT] Expect-Ct:[max-age=604800, report-uri="https://report-uri.cloudflare.com/cdn-cgi/beacon/expect-ct"] Server:[cloudflare] Strict-Transport-Security:[max-age=31536000; includeSubDomains; preload] V:[2] X-Content-Type-Options:[nosniff] X-Frame-Options:[SAMEORIGIN] X-Powered-By:[INDODAX] X-Served-By:[PA-SG-2] X-Xss-Protection:[1; mode=block]] 0xc0005023f0 -1 [] false true map[] 0xc000128d00 0xc00019def0}'ini body '{"error":"invalid_pair","error_description":"Invalid Pair"}'ini res '&{200 OK 200 HTTP/2.0 2 0 map[Access-Control-Allow-Origin:[] Cf-Cache-Status:[DYNAMIC] Cf-Ray:[673c359d5befd9d4-SIN] Content-Type:[application/json] Date:[Sat, 24 Jul 2021 09:44:21 GMT] Expect-Ct:[max-age=604800, report-uri="https://report-uri.cloudflare.com/cdn-cgi/beacon/expect-ct"] Server:[cloudflare] Strict-Transport-Security:[max-age=31536000; includeSubDomains; preload] V:[2] X-Content-Type-Options:[nosniff] X-Frame-Options:[SAMEORIGIN] X-Powered-By:[INDODAX] X-Served-By:[PA-SG] X-Xss-Protection:[1; mode=block]] 0xc0005022a0 -1 [] false true map[] 0xc000128500 0xc00019def0}'ini body '{"ticker":{"high":"30969000","low":"29032000","vol_eth":"942.71071556","vol_idr":"28485768161","last":"30800000","buy":"30799000","sell":"30800000","server_time":1627119858}}'ini body tanpa string '[123 34 116 105 99 107 101 114 34 58 123 34 104 105 103 104 34 58 34 51 48 57 54 57 48 48 48 34 44 34 108 111 119 34 58 34 50 57 48 51 50 48 48 48 34 44 34 118 111 108 95 101 116 104 34 58 34 57 52 50 46 55 49 48 55 49 53 53 54 34 44 34 118 111 108 95 105 100 114 34 58 34 50 56 52 56 53 55 54 56 49 54 49 34 44 34 108 97 115 116 34 58 34 51 48 56 48 48 48 48 48 34 44 34 98 117 121 34 58 34 51 48 55 57 57 48 48 48 34 44 34 115 101 108 108 34 58 34 51 48 56 48 48 48 48 48 34 44 34 115 101 114 118 101 114 95 116 105 109 101 34 58 49 54 50 55 49 49 57 56 53 56 125 125]'ini res '&{200 OK 200 HTTP/2.0 2 0 map[Access-Control-Allow-Origin:[] Cf-Cache-Status:[DYNAMIC] Cf-Ray:[673c359d5bf7d9d4-SIN] Content-Type:[application/json] Date:[Sat, 24 Jul 2021 09:44:21 GMT] Expect-Ct:[max-age=604800, report-uri="https://report-uri.cloudflare.com/cdn-cgi/beacon/expect-ct"] Server:[cloudflare] Strict-Transport-Security:[max-age=31536000; includeSubDomains; preload] V:[2] X-Content-Type-Options:[nosniff] X-Frame-Options:[SAMEORIGIN] X-Powered-By:[INDODAX] X-Served-By:[PA-SG-2] X-Xss-Protection:[1; mode=block]] 0xc0005028a0 -1 [] false true map[] 0xc000129300 0xc00019def0}'ini body '{"ticker":{"high":"8891","low":"8372","vol_xrp":"828671.59833617","vol_idr":"7178690319","last":"8754","buy":"8746","sell":"8754","server_time":1627119858}}'ini body tanpa string '[123 34 116 105 99 107 101 114 34 58 123 34 104 105 103 104 34 58 34 56 56 57 49 34 44 34 108 111 119 34 58 34 56 51 55 50 34 44 34 118 111 108 95 120 114 112 34 58 34 56 50 56 54 55 49 46 53 57 56 51 51 54 49 55 34 44 34 118 111 108 95 105 100 114 34 58 34 55 49 55 56 54 57 48 51 49 57 34 44 34 108 97 115 116 34 58 34 56 55 53 52 34 44 34 98 117 121 34 58 34 56 55 52 54 34 44 34 115 101 108 108 34 58 34 56 55 53 52 34 44 34 115 101 114 118 101 114 95 116 105 109 101 34 58 49 54 50 55 49 49 57 56 53 56 125 125]'ini res '&{200 OK 200 HTTP/2.0 2 0 map[Access-Control-Allow-Origin:[] Cf-Cache-Status:[DYNAMIC] Cf-Ray:[673c359d5bf1d9d4-SIN] Content-Type:[application/json] Date:[Sat, 24 Jul 2021 09:44:21 GMT] Expect-Ct:[max-age=604800, report-uri="https://report-uri.cloudflare.com/cdn-cgi/beacon/expect-ct"] Server:[cloudflare] Strict-Transport-Security:[max-age=31536000; includeSubDomains; preload] V:[2] X-Content-Type-Options:[nosniff] X-Frame-Options:[SAMEORIGIN] X-Powered-By:[INDODAX] X-Served-By:[PA-SG] X-Xss-Protection:[1; mode=block]] 0xc000502750 -1 [] false true map[] 0xc000128300 0xc00019def0}'ini body '{"ticker":{"high":"489540000","low":"466000000","vol_btc":"105.39502741","vol_idr":"50716243332","last":"487817000","buy":"487814000","sell":"487817000","server_time":1627119859}}'ini body tanpa string '[123 34 116 105 99 107 101 114 34 58 123 34 104 105 103 104 34 58 34 52 56 57 53 52 48 48 48 48 34 44 34 108 111 119 34 58 34 52 54 54 48 48 48 48 48 48 34 44 34 118 111 108 95 98 116 99 34 58 34 49 48 53 46 51 57 53 48 50 55 52 49 34 44 34 118 111 108 95 105 100 114 34 58 34 53 48 55 49 54 50 52 51 51 51 50 34 44 34 108 97 115 116 34 58 34 52 56 55 56 49 55 48 48 48 34 44 34 98 117 121 34 58 34 52 56 55 56 49 52 48 48 48 34 44 34 115 101 108 108 34 58 34 52 56 55 56 49 55 48 48 48 34 44 34 115 101 114 118 101 114 95 116 105 109 101 34 58 49 54 50 55 49 49 57 56 53 57 125 125]'ini res '&{200 OK 200 HTTP/2.0 2 0 map[Access-Control-Allow-Origin:[] Cf-Cache-Status:[DYNAMIC] Cf-Ray:[673c359d5bf4d9d4-SIN] Content-Type:[application/json] Date:[Sat, 24 Jul 2021 09:44:21 GMT] Expect-Ct:[max-age=604800, report-uri="https://report-uri.cloudflare.com/cdn-cgi/beacon/expect-ct"] Server:[cloudflare] Strict-Transport-Security:[max-age=31536000; includeSubDomains; preload] V:[2] X-Content-Type-Options:[nosniff] X-Frame-Options:[SAMEORIGIN] X-Powered-By:[INDODAX] X-Served-By:[PA-SG] X-Xss-Protection:[1; mode=block]] 0xc0005020c0 -1 [] false true map[] 0xc000129200 0xc00019def0}'ini body '{"error":"invalid_pair","error_description":"Invalid Pair"}'2021/07/24 09:44:21 error occoured: message type not implemented
2021/07/24 09:44:21 error occoured: message type not implemented
2021/07/24 09:44:21 error occoured: message type not implemented
2021/07/24 09:44:21 error occoured: message type not implemented
2021/07/24 09:44:21 error occoured: message type not implemented
2021/07/24 09:44:21 error occoured: message type not implemented
2021/07/24 09:44:21 error occoured: message type not implemented
2021/07/24 09:44:21 error occoured: message type not implemented
2021/07/24 09:44:21 error occoured: message type not implemented
ini url 'bch'ini url 'eth'ini res '&{200 OK 200 HTTP/2.0 2 0 map[Access-Control-Allow-Origin:[] Cf-Cache-Status:[DYNAMIC] Cf-Ray:[673c359ff95dd9d4-SIN] Content-Type:[application/json] Date:[Sat, 24 Jul 2021 09:44:21 GMT] Expect-Ct:[max-age=604800, report-uri="https://report-uri.cloudflare.com/cdn-cgi/beacon/expect-ct"] Server:[cloudflare] Strict-Transport-Security:[max-age=31536000; includeSubDomains; preload] V:[2] X-Content-Type-Options:[nosniff] X-Frame-Options:[SAMEORIGIN] X-Powered-By:[INDODAX] X-Served-By:[PA-SG-2] X-Xss-Protection:[1; mode=block]] 0xc0005039e0 -1 [] false true map[] 0xc000128800 0xc00019def0}'ini body '{"ticker":{"high":"6650000","low":"6259000","vol_bch":"87.92855015","vol_idr":"570288030","last":"6585000","buy":"6585000","sell":"6620000","server_time":1627119860}}'ini body tanpa string '[123 34 116 105 99 107 101 114 34 58 123 34 104 105 103 104 34 58 34 54 54 53 48 48 48 48 34 44 34 108 111 119 34 58 34 54 50 53 57 48 48 48 34 44 34 118 111 108 95 98 99 104 34 58 34 56 55 46 57 50 56 53 53 48 49 53 34 44 34 118 111 108 95 105 100 114 34 58 34 53 55 48 50 56 56 48 51 48 34 44 34 108 97 115 116 34 58 34 54 53 56 53 48 48 48 34 44 34 98 117 121 34 58 34 54 53 56 53 48 48 48 34 44 34 115 101 108 108 34 58 34 54 54 50 48 48 48 48 34 44 34 115 101 114 118 101 114 95 116 105 109 101 34 58 49 54 50 55 49 49 57 56 54 48 125 125]'ini res '&{200 OK 200 HTTP/2.0 2 0 map[Access-Control-Allow-Origin:[] Cf-Cache-Status:[DYNAMIC] Cf-Ray:[673c359ff95fd9d4-SIN] Content-Type:[application/json] Date:[Sat, 24 Jul 2021 09:44:21 GMT] Expect-Ct:[max-age=604800, report-uri="https://report-uri.cloudflare.com/cdn-cgi/beacon/expect-ct"] Server:[cloudflare] Strict-Transport-Security:[max-age=31536000; includeSubDomains; preload] V:[2] X-Content-Type-Options:[nosniff] X-Frame-Options:[SAMEORIGIN] X-Powered-By:[INDODAX] X-Served-By:[PA-SG-2] X-Xss-Protection:[1; mode=block]] 0xc000503f20 -1 [] false true map[] 0xc000128d00 0xc00019def0}'ini body '{"ticker":{"high":"30969000","low":"29032000","vol_eth":"942.71071556","vol_idr":"28485768161","last":"30800000","buy":"30799000","sell":"30800000","server_time":1627119859}}'ini body tanpa string '[123 34 116 105 99 107 101 114 34 58 123 34 104 105 103 104 34 58 34 51 48 57 54 57 48 48 48 34 44 34 108 111 119 34 58 34 50 57 48 51 50 48 48 48 34 44 34 118 111 108 95 101 116 104 34 58 34 57 52 50 46 55 49 48 55 49 53 53 54 34 44 34 118 111 108 95 105 100 114 34 58 34 50 56 52 56 53 55 54 56 49 54 49 34 44 34 108 97 115 116 34 58 34 51 48 56 48 48 48 48 48 34 44 34 98 117 121 34 58 34 51 48 55 57 57 48 48 48 34 44 34 115 101 108 108 34 58 34 51 48 56 48 48 48 48 48 34 44 34 115 101 114 118 101 114 95 116 105 109 101 34 58 49 54 50 55 49 49 57 56 53 57 125 125]'error sending message: sending message timed out
error sending message: sending message timed out
ini url 'btc'ini res '&{200 OK 200 HTTP/2.0 2 0 map[Access-Control-Allow-Origin:[] Cf-Cache-Status:[DYNAMIC] Cf-Ray:[673c374f2f70d9d4-SIN] Content-Type:[application/json] Date:[Sat, 24 Jul 2021 09:45:30 GMT] Expect-Ct:[max-age=604800, report-uri="https://report-uri.cloudflare.com/cdn-cgi/beacon/expect-ct"] Server:[cloudflare] Strict-Transport-Security:[max-age=31536000; includeSubDomains; preload] V:[2] X-Content-Type-Options:[nosniff] X-Frame-Options:[SAMEORIGIN] X-Powered-By:[INDODAX] X-Served-By:[PA-SG] X-Xss-Protection:[1; mode=block]] 0xc000260bd0 -1 [] false true map[] 0xc000129500 0xc00019def0}'ini body '{"ticker":{"high":"489540000","low":"466000000","vol_btc":"105.42705709","vol_idr":"50731895556","last":"487814000","buy":"487814000","sell":"487816000","server_time":1627119927}}'ini body tanpa string '[123 34 116 105 99 107 101 114 34 58 123 34 104 105 103 104 34 58 34 52 56 57 53 52 48 48 48 48 34 44 34 108 111 119 34 58 34 52 54 54 48 48 48 48 48 48 34 44 34 118 111 108 95 98 116 99 34 58 34 49 48 53 46 52 50 55 48 53 55 48 57 34 44 34 118 111 108 95 105 100 114 34 58 34 53 48 55 51 49 56 57 53 53 53 54 34 44 34 108 97 115 116 34 58 34 52 56 55 56 49 52 48 48 48 34 44 34 98 117 121 34 58 34 52 56 55 56 49 52 48 48 48 34 44 34 115 101 108 108 34 58 34 52 56 55 56 49 54 48 48 48 34 44 34 115 101 114 118 101 114 95 116 105 109 101 34 58 49 54 50 55 49 49 57 57 50 55 125 125]'ini url 'doge'ini res '&{200 OK 200 HTTP/2.0 2 0 map[Access-Control-Allow-Origin:[] Cf-Cache-Status:[DYNAMIC] Cf-Ray:[673c37f1ee9cd9d4-SIN] Content-Type:[application/json] Date:[Sat, 24 Jul 2021 09:45:56 GMT] Expect-Ct:[max-age=604800, report-uri="https://report-uri.cloudflare.com/cdn-cgi/beacon/expect-ct"] Server:[cloudflare] Strict-Transport-Security:[max-age=31536000; includeSubDomains; preload] V:[2] X-Content-Type-Options:[nosniff] X-Frame-Options:[SAMEORIGIN] X-Powered-By:[INDODAX] X-Served-By:[PA-SG] X-Xss-Protection:[1; mode=block]] 0xc000261230 -1 [] false true map[] 0xc000129600 0xc00019def0}'ini body '{"ticker":{"high":"2825","low":"2670","vol_doge":"10484670.65544649","vol_idr":"29021666085","last":"2793","buy":"2794","sell":"2795","server_time":1627119954}}'ini body tanpa string '[123 34 116 105 99 107 101 114 34 58 123 34 104 105 103 104 34 58 34 50 56 50 53 34 44 34 108 111 119 34 58 34 50 54 55 48 34 44 34 118 111 108 95 100 111 103 101 34 58 34 49 48 52 56 52 54 55 48 46 54 53 53 52 52 54 52 57 34 44 34 118 111 108 95 105 100 114 34 58 34 50 57 48 50 49 54 54 54 48 56 53 34 44 34 108 97 115 116 34 58 34 50 55 57 51 34 44 34 98 117 121 34 58 34 50 55 57 52 34 44 34 115 101 108 108 34 58 34 50 55 57 53 34 44 34 115 101 114 118 101 114 95 116 105 109 101 34 58 49 54 50 55 49 49 57 57 53 52 125 125]'2021/07/24 10:49:21 error occoured: message type not implemented
2021/07/24 10:49:21 error occoured: message type not implemented
ini url 'doge'ini res '&{200 OK 200 HTTP/2.0 2 0 map[Access-Control-Allow-Origin:[] Cf-Cache-Status:[DYNAMIC] Cf-Ray:[673ca91938ac2ea7-SIN] Content-Type:[application/json] Date:[Sat, 24 Jul 2021 11:03:11 GMT] Expect-Ct:[max-age=604800, report-uri="https://report-uri.cloudflare.com/cdn-cgi/beacon/expect-ct"] Server:[cloudflare] Strict-Transport-Security:[max-age=31536000; includeSubDomains; preload] V:[2] X-Content-Type-Options:[nosniff] X-Frame-Options:[SAMEORIGIN] X-Powered-By:[INDODAX] X-Served-By:[PA-SG] X-Xss-Protection:[1; mode=block]] 0xc000261470 -1 [] false true map[] 0xc000128500 0xc000136370}'ini body '{"ticker":{"high":"2848","low":"2670","vol_doge":"10900368.22092610","vol_idr":"30211007505","last":"2831","buy":"2830","sell":"2831","server_time":1627124590}}'ini body tanpa string '[123 34 116 105 99 107 101 114 34 58 123 34 104 105 103 104 34 58 34 50 56 52 56 34 44 34 108 111 119 34 58 34 50 54 55 48 34 44 34 118 111 108 95 100 111 103 101 34 58 34 49 48 57 48 48 51 54 56 46 50 50 48 57 50 54 49 48 34 44 34 118 111 108 95 105 100 114 34 58 34 51 48 50 49 49 48 48 55 53 48 53 34 44 34 108 97 115 116 34 58 34 50 56 51 49 34 44 34 98 117 121 34 58 34 50 56 51 48 34 44 34 115 101 108 108 34 58 34 50 56 51 49 34 44 34 115 101 114 118 101 114 95 116 105 109 101 34 58 49 54 50 55 49 50 52 53 57 48 125 125]'ini url 'doge'ini res '&{200 OK 200 HTTP/2.0 2 0 map[Access-Control-Allow-Origin:[] Cf-Cache-Status:[DYNAMIC] Cf-Ray:[673cc736f81b5601-SIN] Content-Type:[application/json] Date:[Sat, 24 Jul 2021 11:23:45 GMT] Expect-Ct:[max-age=604800, report-uri="https://report-uri.cloudflare.com/cdn-cgi/beacon/expect-ct"] Server:[cloudflare] Strict-Transport-Security:[max-age=31536000; includeSubDomains; preload] V:[2] X-Content-Type-Options:[nosniff] X-Frame-Options:[SAMEORIGIN] X-Powered-By:[INDODAX] X-Served-By:[PA-SG-2] X-Xss-Protection:[1; mode=block]] 0xc0002ac600 -1 [] false true map[] 0xc000128500 0xc000136370}'ini body '{"ticker":{"high":"2875","low":"2670","vol_doge":"11407690.55333021","vol_idr":"31679906067","last":"2853","buy":"2853","sell":"2854","server_time":1627125822}}'ini body tanpa string '[123 34 116 105 99 107 101 114 34 58 123 34 104 105 103 104 34 58 34 50 56 55 53 34 44 34 108 111 119 34 58 34 50 54 55 48 34 44 34 118 111 108 95 100 111 103 101 34 58 34 49 49 52 48 55 54 57 48 46 53 53 51 51 51 48 50 49 34 44 34 118 111 108 95 105 100 114 34 58 34 51 49 54 55 57 57 48 54 48 54 55 34 44 34 108 97 115 116 34 58 34 50 56 53 51 34 44 34 98 117 121 34 58 34 50 56 53 51 34 44 34 115 101 108 108 34 58 34 50 56 53 52 34 44 34 115 101 114 118 101 114 95 116 105 109 101 34 58 49 54 50 55 49 50 53 56 50 50 125 125]'ini url 'doge'ini res '&{200 OK 200 HTTP/2.0 2 0 map[Access-Control-Allow-Origin:[] Cf-Cache-Status:[DYNAMIC] Cf-Ray:[673ccd8ddc1c19e5-SIN] Content-Type:[application/json] Date:[Sat, 24 Jul 2021 11:28:04 GMT] Expect-Ct:[max-age=604800, report-uri="https://report-uri.cloudflare.com/cdn-cgi/beacon/expect-ct"] Server:[cloudflare] Strict-Transport-Security:[max-age=31536000; includeSubDomains; preload] V:[2] X-Content-Type-Options:[nosniff] X-Frame-Options:[SAMEORIGIN] X-Powered-By:[INDODAX] X-Served-By:[PA-SG] X-Xss-Protection:[1; mode=block]] 0xc0002616e0 -1 [] false true map[] 0xc000128500 0xc000136370}'ini body '{"ticker":{"high":"2875","low":"2670","vol_doge":"11661313.26863377","vol_idr":"32401446344","last":"2839","buy":"2832","sell":"2839","server_time":1627126084}}'ini body tanpa string '[123 34 116 105 99 107 101 114 34 58 123 34 104 105 103 104 34 58 34 50 56 55 53 34 44 34 108 111 119 34 58 34 50 54 55 48 34 44 34 118 111 108 95 100 111 103 101 34 58 34 49 49 54 54 49 51 49 51 46 50 54 56 54 51 51 55 55 34 44 34 118 111 108 95 105 100 114 34 58 34 51 50 52 48 49 52 52 54 51 52 52 34 44 34 108 97 115 116 34 58 34 50 56 51 57 34 44 34 98 117 121 34 58 34 50 56 51 50 34 44 34 115 101 108 108 34 58 34 50 56 51 57 34 44 34 115 101 114 118 101 114 95 116 105 109 101 34 58 49 54 50 55 49 50 54 48 56 52 125 125]'ini url ' doge'ini res '&{200 OK 200 HTTP/2.0 2 0 map[Access-Control-Allow-Origin:[] Cf-Cache-Status:[DYNAMIC] Cf-Ray:[673ce4b948071a15-SIN] Content-Type:[application/json] Date:[Sat, 24 Jul 2021 11:43:53 GMT] Expect-Ct:[max-age=604800, report-uri="https://report-uri.cloudflare.com/cdn-cgi/beacon/expect-ct"] Server:[cloudflare] Strict-Transport-Security:[max-age=31536000; includeSubDomains; preload] V:[2] X-Content-Type-Options:[nosniff] X-Frame-Options:[SAMEORIGIN] X-Powered-By:[INDODAX] X-Served-By:[PA-SG-2] X-Xss-Protection:[1; mode=block]] 0xc0002ad7a0 -1 [] false true map[] 0xc000128500 0xc000136370}'ini body ''ini body tanpa string '[]'2021/07/24 11:43:53 unexpected end of JSON input
exit status 1
